TN:
SF:src/lib/Color.js
FN:2,(anonymous_0)
FNF:1
FNH:1
FNDA:2,(anonymous_0)
DA:3,2
DA:4,2
DA:5,2
LF:3
LH:3
BRF:0
BRH:0
end_of_record
TN:
SF:src/lib/Color.spec.js
FN:5,(anonymous_1)
FN:12,(anonymous_2)
FN:16,(anonymous_3)
FN:25,(anonymous_4)
FNF:4
FNH:4
FNDA:1,(anonymous_1)
FNDA:1,(anonymous_2)
FNDA:1,(anonymous_3)
FNDA:1,(anonymous_4)
DA:1,1
DA:2,1
DA:3,1
DA:5,1
DA:7,1
DA:12,1
DA:13,1
DA:16,1
DA:18,1
DA:20,1
DA:22,1
DA:25,1
DA:27,1
DA:29,1
DA:31,1
LF:15
LH:15
BRF:0
BRH:0
end_of_record
TN:
SF:src/lib/DateTime.js
FN:2,(anonymous_0)
FNF:1
FNH:1
FNDA:2,(anonymous_0)
DA:3,2
DA:4,2
LF:2
LH:2
BRDA:4,0,0,2
BRDA:4,0,1,2
BRF:2
BRH:2
end_of_record
TN:
SF:src/lib/DateTime.spec.js
FN:5,(anonymous_1)
FN:12,(anonymous_2)
FN:16,(anonymous_3)
FN:25,(anonymous_4)
FNF:4
FNH:4
FNDA:1,(anonymous_1)
FNDA:1,(anonymous_2)
FNDA:1,(anonymous_3)
FNDA:1,(anonymous_4)
DA:1,1
DA:2,1
DA:3,1
DA:5,1
DA:7,1
DA:12,1
DA:13,1
DA:16,1
DA:18,1
DA:20,1
DA:22,1
DA:25,1
DA:27,1
DA:29,1
DA:31,1
LF:15
LH:15
BRF:0
BRH:0
end_of_record
TN:
SF:src/lib/Email.js
FN:2,(anonymous_0)
FNF:1
FNH:1
FNDA:2,(anonymous_0)
DA:3,2
DA:4,2
LF:2
LH:2
BRF:0
BRH:0
end_of_record
TN:
SF:src/lib/Email.spec.js
FN:5,(anonymous_1)
FN:12,(anonymous_2)
FN:16,(anonymous_3)
FN:25,(anonymous_4)
FNF:4
FNH:4
FNDA:1,(anonymous_1)
FNDA:1,(anonymous_2)
FNDA:1,(anonymous_3)
FNDA:1,(anonymous_4)
DA:1,1
DA:2,1
DA:3,1
DA:5,1
DA:7,1
DA:12,1
DA:13,1
DA:16,1
DA:18,1
DA:20,1
DA:22,1
DA:25,1
DA:27,1
DA:29,1
DA:31,1
LF:15
LH:15
BRF:0
BRH:0
end_of_record
TN:
SF:src/lib/Iban.js
FN:2,(anonymous_0)
FN:20,(anonymous_1)
FN:26,(anonymous_2)
FNF:3
FNH:3
FNDA:2,(anonymous_0)
FNDA:2,(anonymous_1)
FNDA:1,(anonymous_2)
DA:3,2
DA:12,2
DA:13,2
DA:16,2
DA:17,1
DA:20,1
DA:21,2
DA:24,1
DA:27,1
DA:28,1
DA:29,3
DA:30,3
DA:32,1
LF:13
LH:13
BRDA:16,0,0,1
BRDA:16,0,1,1
BRDA:16,1,0,2
BRDA:16,1,1,1
BRF:4
BRH:4
end_of_record
TN:
SF:src/lib/Iban.spec.js
FN:6,(anonymous_1)
FN:13,(anonymous_2)
FN:17,(anonymous_3)
FN:26,(anonymous_4)
FNF:4
FNH:4
FNDA:1,(anonymous_1)
FNDA:1,(anonymous_2)
FNDA:1,(anonymous_3)
FNDA:1,(anonymous_4)
DA:1,1
DA:2,1
DA:3,1
DA:4,1
DA:6,1
DA:8,1
DA:13,1
DA:14,1
DA:17,1
DA:19,1
DA:21,1
DA:23,1
DA:26,1
DA:28,1
DA:30,1
DA:32,1
LF:16
LH:16
BRF:0
BRH:0
end_of_record
TN:
SF:src/lib/Password.js
FN:9,(anonymous_0)
FN:23,(anonymous_1)
FN:48,(anonymous_2)
FN:57,(anonymous_3)
FNF:4
FNH:4
FNDA:15,(anonymous_0)
FNDA:15,(anonymous_1)
FNDA:10,(anonymous_2)
FNDA:40,(anonymous_3)
DA:1,1
DA:10,15
DA:11,15
DA:13,5
DA:15,10
DA:16,10
DA:17,10
DA:18,10
DA:19,10
DA:30,15
DA:31,15
DA:32,1
DA:34,14
DA:35,1
DA:37,13
DA:38,1
DA:40,12
DA:41,1
DA:43,11
DA:44,1
DA:49,10
DA:57,40
LF:22
LH:22
BRDA:9,0,0,0
BRDA:15,1,0,10
BRDA:15,1,1,0
BRDA:16,2,0,10
BRDA:16,2,1,0
BRDA:17,3,0,10
BRDA:17,3,1,0
BRDA:18,4,0,10
BRDA:18,4,1,0
BRDA:19,5,0,10
BRDA:19,5,1,0
BRDA:31,6,0,1
BRDA:31,6,1,14
BRDA:31,7,0,15
BRDA:31,7,1,11
BRDA:34,8,0,1
BRDA:34,8,1,13
BRDA:34,9,0,14
BRDA:34,9,1,11
BRDA:37,10,0,1
BRDA:37,10,1,12
BRDA:37,11,0,13
BRDA:37,11,1,11
BRDA:40,12,0,1
BRDA:40,12,1,11
BRDA:40,13,0,12
BRDA:40,13,1,11
BRDA:43,14,0,1
BRDA:43,14,1,10
BRDA:43,15,0,11
BRDA:43,15,1,11
BRDA:50,16,0,2
BRDA:50,16,1,8
BRDA:51,17,0,2
BRDA:51,17,1,8
BRDA:52,18,0,2
BRDA:52,18,1,8
BRDA:53,19,0,2
BRDA:53,19,1,8
BRDA:57,20,0,5
BRDA:57,20,1,5
BRF:41
BRH:35
end_of_record
TN:
SF:src/lib/Password.spec.js
FN:14,(anonymous_1)
FN:21,(anonymous_2)
FN:25,(anonymous_3)
FN:34,(anonymous_4)
FN:43,(anonymous_5)
FN:52,(anonymous_6)
FN:61,(anonymous_7)
FN:70,(anonymous_8)
FN:79,(anonymous_9)
FN:88,(anonymous_10)
FN:97,(anonymous_11)
FN:106,(anonymous_12)
FN:115,(anonymous_13)
FN:126,(anonymous_14)
FN:137,(anonymous_15)
FN:148,(anonymous_16)
FN:159,(anonymous_17)
FNF:17
FNH:17
FNDA:1,(anonymous_1)
FNDA:1,(anonymous_2)
FNDA:1,(anonymous_3)
FNDA:1,(anonymous_4)
FNDA:1,(anonymous_5)
FNDA:1,(anonymous_6)
FNDA:1,(anonymous_7)
FNDA:1,(anonymous_8)
FNDA:1,(anonymous_9)
FNDA:1,(anonymous_10)
FNDA:1,(anonymous_11)
FNDA:1,(anonymous_12)
FNDA:1,(anonymous_13)
FNDA:1,(anonymous_14)
FNDA:1,(anonymous_15)
FNDA:1,(anonymous_16)
FNDA:1,(anonymous_17)
DA:1,1
DA:2,1
DA:3,1
DA:4,1
DA:6,1
DA:14,1
DA:16,1
DA:21,1
DA:22,1
DA:25,1
DA:27,1
DA:29,1
DA:31,1
DA:34,1
DA:36,1
DA:38,1
DA:40,1
DA:43,1
DA:45,1
DA:47,1
DA:49,1
DA:52,1
DA:54,1
DA:56,1
DA:58,1
DA:61,1
DA:63,1
DA:65,1
DA:67,1
DA:70,1
DA:72,1
DA:74,1
DA:76,1
DA:79,1
DA:81,1
DA:83,1
DA:85,1
DA:88,1
DA:90,1
DA:92,1
DA:94,1
DA:97,1
DA:99,1
DA:101,1
DA:103,1
DA:106,1
DA:108,1
DA:110,1
DA:112,1
DA:115,1
DA:117,1
DA:118,1
DA:121,1
DA:126,1
DA:128,1
DA:129,1
DA:132,1
DA:137,1
DA:139,1
DA:140,1
DA:143,1
DA:148,1
DA:150,1
DA:151,1
DA:154,1
DA:159,1
DA:161,1
DA:162,1
DA:165,1
LF:69
LH:69
BRF:0
BRH:0
end_of_record
TN:
SF:src/lib/Range.js
FN:2,(anonymous_0)
FN:7,(anonymous_1)
FN:15,(anonymous_2)
FNF:3
FNH:3
FNDA:8,(anonymous_0)
FNDA:8,(anonymous_1)
FNDA:12,(anonymous_2)
DA:3,8
DA:4,8
DA:5,8
DA:8,8
DA:9,1
DA:11,7
DA:15,12
LF:7
LH:7
BRDA:2,0,0,2
BRDA:2,1,0,2
BRDA:8,2,0,1
BRDA:8,2,1,7
BRDA:12,3,0,5
BRDA:12,3,1,2
BRDA:13,4,0,5
BRDA:13,4,1,2
BRDA:15,5,0,4
BRDA:15,5,1,3
BRF:10
BRH:10
end_of_record
TN:
SF:src/lib/Range.spec.js
FN:6,(anonymous_1)
FN:13,(anonymous_2)
FN:17,(anonymous_3)
FN:26,(anonymous_4)
FN:35,(anonymous_5)
FN:44,(anonymous_6)
FN:53,(anonymous_7)
FN:62,(anonymous_8)
FN:71,(anonymous_9)
FN:80,(anonymous_10)
FNF:10
FNH:10
FNDA:1,(anonymous_1)
FNDA:1,(anonymous_2)
FNDA:1,(anonymous_3)
FNDA:1,(anonymous_4)
FNDA:1,(anonymous_5)
FNDA:1,(anonymous_6)
FNDA:1,(anonymous_7)
FNDA:1,(anonymous_8)
FNDA:1,(anonymous_9)
FNDA:1,(anonymous_10)
DA:1,1
DA:2,1
DA:3,1
DA:4,1
DA:6,1
DA:8,1
DA:13,1
DA:14,1
DA:17,1
DA:19,1
DA:21,1
DA:23,1
DA:26,1
DA:28,1
DA:30,1
DA:32,1
DA:35,1
DA:37,1
DA:39,1
DA:41,1
DA:44,1
DA:46,1
DA:48,1
DA:50,1
DA:53,1
DA:55,1
DA:57,1
DA:59,1
DA:62,1
DA:64,1
DA:66,1
DA:68,1
DA:71,1
DA:73,1
DA:75,1
DA:77,1
DA:80,1
DA:82,1
DA:84,1
DA:86,1
LF:40
LH:40
BRF:0
BRH:0
end_of_record
TN:
SF:src/lib/Siren.js
FN:2,(anonymous_0)
FN:9,(anonymous_1)
FNF:2
FNH:1
FNDA:1,(anonymous_0)
FNDA:0,(anonymous_1)
DA:3,1
DA:4,1
DA:5,0
DA:7,1
DA:10,0
DA:11,0
DA:13,0
DA:15,0
DA:16,0
DA:17,0
DA:18,0
DA:19,0
DA:22,0
DA:24,0
DA:26,0
DA:27,0
DA:30,0
LF:17
LH:3
BRDA:4,0,0,0
BRDA:4,0,1,1
BRDA:4,1,0,1
BRDA:4,1,1,0
BRDA:10,2,0,0
BRDA:10,2,1,0
BRDA:10,3,0,0
BRDA:10,3,1,0
BRDA:16,4,0,0
BRDA:16,4,1,0
BRDA:18,5,0,0
BRDA:18,5,1,0
BRDA:26,6,0,0
BRDA:26,6,1,0
BRF:14
BRH:2
end_of_record
TN:
SF:src/lib/Siren.spec.js
FN:6,(anonymous_1)
FN:13,(anonymous_2)
FN:17,(anonymous_3)
FNF:3
FNH:3
FNDA:1,(anonymous_1)
FNDA:1,(anonymous_2)
FNDA:1,(anonymous_3)
DA:1,1
DA:2,1
DA:3,1
DA:4,1
DA:6,1
DA:8,1
DA:13,1
DA:14,1
DA:17,1
DA:19,1
DA:21,1
DA:23,1
LF:12
LH:12
BRF:0
BRH:0
end_of_record
TN:
SF:src/lib/Text.js
FN:2,(anonymous_0)
FN:7,(anonymous_1)
FNF:2
FNH:2
FNDA:7,(anonymous_0)
FNDA:7,(anonymous_1)
DA:3,7
DA:4,7
DA:5,7
DA:8,7
DA:9,2
DA:10,2
DA:13,7
DA:14,5
DA:15,2
DA:18,7
LF:10
LH:10
BRDA:2,0,0,2
BRDA:2,1,0,2
BRDA:8,2,0,2
BRDA:8,2,1,5
BRDA:9,3,0,2
BRDA:9,3,1,0
BRDA:13,4,0,5
BRDA:13,4,1,2
BRDA:14,5,0,2
BRDA:14,5,1,3
BRDA:18,6,0,3
BRDA:18,6,1,4
BRDA:18,7,0,7
BRDA:18,7,1,7
BRDA:18,7,2,3
BRF:15
BRH:14
end_of_record
TN:
SF:src/lib/Text.spec.js
FN:6,(anonymous_1)
FN:13,(anonymous_2)
FN:17,(anonymous_3)
FN:26,(anonymous_4)
FN:35,(anonymous_5)
FN:44,(anonymous_6)
FN:53,(anonymous_7)
FN:62,(anonymous_8)
FN:72,(anonymous_9)
FNF:9
FNH:9
FNDA:1,(anonymous_1)
FNDA:1,(anonymous_2)
FNDA:1,(anonymous_3)
FNDA:1,(anonymous_4)
FNDA:1,(anonymous_5)
FNDA:1,(anonymous_6)
FNDA:1,(anonymous_7)
FNDA:1,(anonymous_8)
FNDA:1,(anonymous_9)
DA:1,1
DA:2,1
DA:3,1
DA:4,1
DA:6,1
DA:8,1
DA:13,1
DA:14,1
DA:17,1
DA:19,1
DA:21,1
DA:23,1
DA:26,1
DA:28,1
DA:30,1
DA:32,1
DA:35,1
DA:37,1
DA:39,1
DA:41,1
DA:44,1
DA:46,1
DA:48,1
DA:50,1
DA:53,1
DA:55,1
DA:57,1
DA:59,1
DA:62,1
DA:64,1
DA:66,1
DA:68,1
DA:72,1
DA:74,1
DA:76,1
DA:78,1
LF:36
LH:36
BRF:0
BRH:0
end_of_record
